 PASS  src/components/layout/SearchBox.test.js
 PASS  src/App.test.js
 PASS  src/components/layout/Header.test.js
 PASS  src/components/videos/VideosList.test.js
 PASS  src/components/videos/VideoItem.test.js
-----------------------|---------|----------|---------|---------|-------------------
File                   | % Stmts | % Branch | % Funcs | % Lines | Uncovered Line #s
-----------------------|---------|----------|---------|---------|-------------------
All files              |   90.63 |      100 |      90 |   90.63 |
 src                   |      80 |      100 |     100 |      80 |
  App.jsx              |     100 |      100 |     100 |     100 |
  global-styles.js     |     100 |      100 |     100 |     100 |
  index.js             |       0 |      100 |     100 |       0 | 6
 src/components/layout |   86.67 |      100 |      80 |   86.67 |
  Content.jsx          |     100 |      100 |     100 |     100 |
  Header.jsx           |      75 |      100 |      50 |      75 | 59-60
  SearchBox.jsx        |     100 |      100 |     100 |     100 |
  Layout.jsx           |     100 |      100 |     100 |     100 |
 src/components/videos |     100 |      100 |     100 |     100 |
  VideoItem.jsx        |     100 |      100 |     100 |     100 |
  VideosList.jsx       |     100 |      100 |     100 |     100 |
 src/pages             |     100 |      100 |     100 |     100 |
  HomeView.jsx         |     100 |      100 |     100 |     100 |
-----------------------|---------|----------|---------|---------|-------------------

Test Suites: 5 passed, 5 total
Tests:       9 passed, 9 total
Snapshots:   0 total
Time:        5.032 s
Ran all test suites.

Watch Usage
 › Press f to run only failed tests.
 › Press o to only run tests related to changed files.
 › Press q to quit watch mode.
 › Press p to filter by a filename regex pattern.
 › Press t to filter by a test name regex pattern.
 › Press Enter to trigger a test run.